<?xml version="1.0" encoding="UTF-8"?>
<!-- Generated by org.testng.reporters.JUnitXMLReporter -->
<testsuite ignored="0" hostname="DSCHD-PC-170" failures="0" tests="3" name="Default test" time="0.12" errors="0" timestamp="2022-07-03T09:56:45 IST">
  <testcase classname="java_Streams.Test_1" name="MapStream" time="0.076"/>
  <testcase classname="java_Streams.Test_1" name="Test2" time="0.002"/>
  <testcase classname="java_Streams.Test_1" name="first" time="0.002"/>
</testsuite> <!-- Default test -->
