<?xml version="1.0" encoding="UTF-8"?>
<!-- Generated by org.testng.reporters.JUnitXMLReporter -->
<testsuite ignored="0" hostname="DSCHD-PC-170" failures="1" tests="2" name="Test" time="0.049" errors="0" timestamp="2022-07-05T12:31:50 IST">
  <testcase classname="TestNg_Annotations.Test_3" name="policy" time="0.0">
    <failure type="org.testng.TestNGException" message="
Method public void TestNg_Annotations.Test_3.policy(java.lang.String,java.lang.String) requires a @DataProvider named : getData">
      <![CDATA[org.testng.TestNGException: 
Method public void TestNg_Annotations.Test_3.policy(java.lang.String,java.lang.String) requires a @DataProvider named : getData
at java.base/java.util.ArrayList.forEach(ArrayList.java:1541)
... Removed 24 stack frames]]>
    </failure>
  </testcase> <!-- policy -->
  <testcase classname="TestNg_Annotations.Test_3" name="zerodepth" time="0.002"/>
</testsuite> <!-- Test -->
