<?xml version="1.0" encoding="UTF-8"?>
<testng-results ignored="0" total="4" passed="3" failed="1" skipped="0">
  <reporter-output>
  </reporter-output>
  <suite started-at="2022-07-05T12:31:50 IST" name="Suite" finished-at="2022-07-05T12:31:50 IST" duration-ms="103">
    <groups>
      <group name="smoke">
        <method signature="Test_3.zerodepth()[pri:0, instance:TestNg_Annotations.Test_3@29215f06]" name="zerodepth" class="TestNg_Annotations.Test_3"/>
        <method signature="Test_2.CarLoan()[pri:0, instance:TestNg_Annotations.Test_2@6892b3b6]" name="CarLoan" class="TestNg_Annotations.Test_2"/>
        <method signature="Test_2.PersonalLoan()[pri:0, instance:TestNg_Annotations.Test_2@6892b3b6]" name="PersonalLoan" class="TestNg_Annotations.Test_2"/>
      </group> <!-- smoke -->
    </groups>
    <test started-at="2022-07-05T12:31:50 IST" name="Test" finished-at="2022-07-05T12:31:50 IST" duration-ms="49">
      <class name="TestNg_Annotations.Test_3">
        <test-method signature="policy(java.lang.String,java.lang.String)[pri:0, instance:TestNg_Annotations.Test_3@29215f06]" started-at="2022-07-05T12:31:50 IST" name="policy" finished-at="2022-07-05T12:31:50 IST" duration-ms="0" status="FAIL">
          <exception class="org.testng.TestNGException">
            <message>
              <![CDATA[
Method public void TestNg_Annotations.Test_3.policy(java.lang.String,java.lang.String) requires a @DataProvider named : getData]]>
            </message>
            <full-stacktrace>
              <![CDATA[org.testng.TestNGException: 
Method public void TestNg_Annotations.Test_3.policy(java.lang.String,java.lang.String) requires a @DataProvider named : getData
at org.testng.internal.Parameters.findDataProvider(Parameters.java:516)
at org.testng.internal.Parameters.handleParameters(Parameters.java:739)
at org.testng.internal.Parameters.handleParameters(Parameters.java:704)
at org.testng.internal.invokers.ParameterHandler.handleParameters(ParameterHandler.java:70)
at org.testng.internal.invokers.ParameterHandler.createParameters(ParameterHandler.java:49)
at org.testng.internal.invokers.TestInvoker$MethodInvocationAgent.invoke(TestInvoker.java:904)
at org.testng.internal.invokers.TestInvoker.invokeTestMethods(TestInvoker.java:193)
at org.testng.internal.invokers.TestMethodWorker.invokeTestMethods(TestMethodWorker.java:146)
at org.testng.internal.invokers.TestMethodWorker.run(TestMethodWorker.java:128)
at java.base/java.util.ArrayList.forEach(ArrayList.java:1541)
at org.testng.TestRunner.privateRun(TestRunner.java:808)
at org.testng.TestRunner.run(TestRunner.java:603)
at org.testng.SuiteRunner.runTest(SuiteRunner.java:429)
at org.testng.SuiteRunner.runSequentially(SuiteRunner.java:423)
at org.testng.SuiteRunner.privateRun(SuiteRunner.java:383)
at org.testng.SuiteRunner.run(SuiteRunner.java:326)
at org.testng.SuiteRunnerWorker.runSuite(SuiteRunnerWorker.java:52)
at org.testng.SuiteRunnerWorker.run(SuiteRunnerWorker.java:95)
at org.testng.TestNG.runSuitesSequentially(TestNG.java:1249)
at org.testng.TestNG.runSuitesLocally(TestNG.java:1169)
at org.testng.TestNG.runSuites(TestNG.java:1092)
at org.testng.TestNG.run(TestNG.java:1060)
at org.testng.remote.AbstractRemoteTestNG.run(AbstractRemoteTestNG.java:115)
at org.testng.remote.RemoteTestNG.initAndRun(RemoteTestNG.java:251)
at org.testng.remote.RemoteTestNG.main(RemoteTestNG.java:77)
]]>
            </full-stacktrace>
          </exception> <!-- org.testng.TestNGException -->
          <reporter-output>
          </reporter-output>
        </test-method> <!-- policy -->
        <test-method signature="zerodepth()[pri:0, instance:TestNg_Annotations.Test_3@29215f06]" started-at="2022-07-05T12:31:50 IST" name="zerodepth" finished-at="2022-07-05T12:31:50 IST" duration-ms="2" status="PASS">
          <reporter-output>
          </reporter-output>
        </test-method> <!-- zerodepth -->
      </class> <!-- TestNg_Annotations.Test_3 -->
    </test> <!-- Test -->
    <test started-at="2022-07-05T12:31:50 IST" name="Test2" finished-at="2022-07-05T12:31:50 IST" duration-ms="7">
      <class name="TestNg_Annotations.Test_3">
        <test-method is-config="true" signature="before_suit()[pri:0, instance:TestNg_Annotations.Test_3@29215f06]" started-at="2022-07-05T12:31:50 IST" name="before_suit" finished-at="2022-07-05T12:31:50 IST" duration-ms="7" status="PASS">
          <reporter-output>
          </reporter-output>
        </test-method> <!-- before_suit -->
      </class> <!-- TestNg_Annotations.Test_3 -->
      <class name="TestNg_Annotations.Test_2">
        <test-method signature="CarLoan()[pri:0, instance:TestNg_Annotations.Test_2@6892b3b6]" started-at="2022-07-05T12:31:50 IST" name="CarLoan" finished-at="2022-07-05T12:31:50 IST" duration-ms="2" status="PASS">
          <reporter-output>
          </reporter-output>
        </test-method> <!-- CarLoan -->
        <test-method signature="PersonalLoan()[pri:0, instance:TestNg_Annotations.Test_2@6892b3b6]" started-at="2022-07-05T12:31:50 IST" name="PersonalLoan" finished-at="2022-07-05T12:31:50 IST" duration-ms="1" status="PASS">
          <reporter-output>
          </reporter-output>
        </test-method> <!-- PersonalLoan -->
        <test-method is-config="true" signature="after_suit()[pri:0, instance:TestNg_Annotations.Test_2@6892b3b6]" started-at="2022-07-05T12:31:50 IST" name="after_suit" finished-at="2022-07-05T12:31:50 IST" duration-ms="0" status="PASS">
          <reporter-output>
          </reporter-output>
        </test-method> <!-- after_suit -->
      </class> <!-- TestNg_Annotations.Test_2 -->
    </test> <!-- Test2 -->
  </suite> <!-- Suite -->
</testng-results>
