<?xml version="1.0" encoding="UTF-8"?>
<testng-results ignored="0" total="1" passed="1" failed="0" skipped="0">
  <reporter-output>
  </reporter-output>
  <suite started-at="2022-06-29T16:29:24 IST" name="Default suite" finished-at="2022-06-29T16:29:41 IST" duration-ms="16840">
    <groups>
    </groups>
    <test started-at="2022-06-29T16:29:24 IST" name="Default test" finished-at="2022-06-29T16:29:41 IST" duration-ms="16840">
      <class name="Dropdown.Dynamic_Dropdown">
        <test-method signature="Dropdown_d()[pri:0, instance:Dropdown.Dynamic_Dropdown@5d0a1059]" started-at="2022-06-29T16:29:24 IST" name="Dropdown_d" finished-at="2022-06-29T16:29:41 IST" duration-ms="16797" status="PASS">
          <reporter-output>
          </reporter-output>
        </test-method> <!-- Dropdown_d -->
      </class> <!-- Dropdown.Dynamic_Dropdown -->
    </test> <!-- Default test -->
  </suite> <!-- Default suite -->
</testng-results>
